<?xml version="1.0" encoding="UTF-8"?>
<!-- Generated by org.testng.reporters.JUnitXMLReporter -->
<testsuite hostname="DESKTOP-N6T2AN7" name="TC_Login_004" tests="1" failures="1" timestamp="27 May 2019 16:42:59 GMT" time="36.872" errors="0">
  <testcase name="tDriver" time="36.872" classname="com.testDrivers.TestDriver">
    <failure type="java.lang.AssertionError" message="expected [true] but found [false]">
      <![CDATA[java.lang.AssertionError: expected [true] but found [false]
	at com.testDrivers.TestDriver.tDriver(TestDriver.java:19)
	at com.testDrivers.TestNGCreator.runTestNGTest(TestNGCreator.java:145)
	at com.testDrivers.TestNGCreator.main(TestNGCreator.java:151)
... Removed 25 stack frames]]>
    </failure>
  </testcase> <!-- tDriver -->
</testsuite> <!-- TC_Login_004 -->
